Using pre-set license
Built from '2022.3/china_unity/release' branch; Version is '2022.3.8f1c1 (4ec8ee1b2212) revision 5163246'; Using compiler version '192829333'; Build Type 'Release'
OS: 'Windows 11  (10.0.22631) 64bit ProfessionalWorkstation' Language: 'zh' Physical Memory: 48916 MB
BatchMode: 1, IsHumanControllingUs: 0, StartBugReporterOnCrash: 0, Is64bit: 1, IsPro: 1

COMMAND LINE ARGUMENTS:
C:\Program Files\Unity\Hub\Editor\2022.3.8f1c1\Editor\Unity.exe
-adb2
-batchMode
-noUpm
-name
AssetImportWorker4
-projectPath
C:/Users/YH-000972/Desktop/新建文件夹/Test
-logFile
Logs/AssetImportWorker4.log
-srvPort
56635
Successfully changed project path to: C:/Users/YH-000972/Desktop/新建文件夹/Test
C:/Users/YH-000972/Desktop/新建文件夹/Test
[UnityMemory] Configuration Parameters - Can be set up in boot.config
    "memorysetup-bucket-allocator-granularity=16"
    "memorysetup-bucket-allocator-bucket-count=8"
    "memorysetup-bucket-allocator-block-size=33554432"
    "memorysetup-bucket-allocator-block-count=8"
    "memorysetup-main-allocator-block-size=16777216"
    "memorysetup-thread-allocator-block-size=16777216"
    "memorysetup-gfx-main-allocator-block-size=16777216"
    "memorysetup-gfx-thread-allocator-block-size=16777216"
    "memorysetup-cache-allocator-block-size=4194304"
    "memorysetup-typetree-allocator-block-size=2097152"
    "memorysetup-profiler-bucket-allocator-granularity=16"
    "memorysetup-profiler-bucket-allocator-bucket-count=8"
    "memorysetup-profiler-bucket-allocator-block-size=33554432"
    "memorysetup-profiler-bucket-allocator-block-count=8"
    "memorysetup-profiler-allocator-block-size=16777216"
    "memorysetup-profiler-editor-allocator-block-size=1048576"
    "memorysetup-temp-allocator-size-main=16777216"
    "memorysetup-job-temp-allocator-block-size=2097152"
    "memorysetup-job-temp-allocator-block-size-background=1048576"
    "memorysetup-job-temp-allocator-reduction-small-platforms=262144"
    "memorysetup-allocator-temp-initial-block-size-main=262144"
    "memorysetup-allocator-temp-initial-block-size-worker=262144"
    "memorysetup-temp-allocator-size-background-worker=32768"
    "memorysetup-temp-allocator-size-job-worker=262144"
    "memorysetup-temp-allocator-size-preload-manager=33554432"
    "memorysetup-temp-allocator-size-nav-mesh-worker=65536"
    "memorysetup-temp-allocator-size-audio-worker=65536"
    "memorysetup-temp-allocator-size-cloud-worker=32768"
    "memorysetup-temp-allocator-size-gi-baking-worker=262144"
    "memorysetup-temp-allocator-size-gfx=262144"
Player connection [65008] Host "[IP] 10.10.12.209 [Port] 0 [Flags] 2 [Guid] 3312856536 [EditorId] 3312856536 [Version] 1048832 [Id] WindowsEditor(7,DESKTOP-P12B5B7) [Debug] 1 [PackageName] WindowsEditor [ProjectName] Editor" joined multi-casting on [225.0.0.222:54997]...

Player connection [65008] Host "[IP] 10.10.12.209 [Port] 0 [Flags] 2 [Guid] 3312856536 [EditorId] 3312856536 [Version] 1048832 [Id] WindowsEditor(7,DESKTOP-P12B5B7) [Debug] 1 [PackageName] WindowsEditor [ProjectName] Editor" joined alternative multi-casting on [225.0.0.222:34997]...

[Physics::Module] Initialized MultithreadedJobDispatcher with 27 workers.
Refreshing native plugins compatible for Editor in 11.91 ms, found 2 plugins.
Preloading 0 native plugins for Editor in 0.00 ms.
Initialize engine version: 2022.3.8f1c1 (4ec8ee1b2212)
[Subsystems] Discovering subsystems at path C:/Program Files/Unity/Hub/Editor/2022.3.8f1c1/Editor/Data/Resources/UnitySubsystems
[Subsystems] Discovering subsystems at path C:/Users/YH-000972/Desktop/新建文件夹/Test/Assets
GfxDevice: creating device client; threaded=0; jobified=0
Direct3D:
    Version:  Direct3D 11.0 [level 11.1]
    Renderer: NVIDIA GeForce GTX 1660 (ID=0x2184)
    Vendor:   NVIDIA
    VRAM:     5966 MB
    Driver:   32.0.15.6109
Invalid texture used for cursor - check importer settings or texture creation. Texture must be RGBA32, readable, have alphaIsTransparency enabled and have no mip chain.
Failed to set the cursor because the specified texture ('nario_run_2') was not CPU accessible.
Initialize mono
Mono path[0] = 'C:/Program Files/Unity/Hub/Editor/2022.3.8f1c1/Editor/Data/Managed'
Mono path[1] = 'C:/Program Files/Unity/Hub/Editor/2022.3.8f1c1/Editor/Data/MonoBleedingEdge/lib/mono/unityjit-win32'
Mono config path = 'C:/Program Files/Unity/Hub/Editor/2022.3.8f1c1/Editor/Data/MonoBleedingEdge/etc'
Using monoOptions --debugger-agent=transport=dt_socket,embedding=1,server=y,suspend=n,address=127.0.0.1:56468
Begin MonoManager ReloadAssembly
Registering precompiled unity dll's ...
Register platform support module: C:/Program Files/Unity/Hub/Editor/2022.3.8f1c1/Editor/Data/PlaybackEngines/WindowsStandaloneSupport/UnityEditor.WindowsStandalone.Extensions.dll
Registered in 0.004165 seconds.
- Loaded All Assemblies, in  0.200 seconds
Native extension for WindowsStandalone target not found
Mono: successfully reloaded assembly
- Finished resetting the current domain, in  0.152 seconds
Domain Reload Profiling: 351ms
	BeginReloadAssembly (60ms)
		ExecutionOrderSort (0ms)
		DisableScriptedObjects (0ms)
		BackupInstance (0ms)
		ReleaseScriptingObjects (0ms)
		CreateAndSetChildDomain (0ms)
	RebuildCommonClasses (20ms)
	RebuildNativeTypeToScriptingClass (6ms)
	initialDomainReloadingComplete (34ms)
	LoadAllAssembliesAndSetupDomain (79ms)
		LoadAssemblies (58ms)
		RebuildTransferFunctionScriptingTraits (0ms)
		AnalyzeDomain (78ms)
			TypeCache.Refresh (77ms)
				TypeCache.ScanAssembly (69ms)
			ScanForSourceGeneratedMonoScriptInfo (0ms)
			ResolveRequiredComponents (0ms)
	FinalizeReload (152ms)
		ReleaseScriptCaches (0ms)
		RebuildScriptCaches (0ms)
		SetupLoadedEditorAssemblies (118ms)
			LogAssemblyErrors (0ms)
			InitializePlatformSupportModulesInManaged (6ms)
			SetLoadedEditorAssemblies (5ms)
			RefreshPlugins (0ms)
			BeforeProcessingInitializeOnLoad (1ms)
			ProcessInitializeOnLoadAttributes (76ms)
			ProcessInitializeOnLoadMethodAttributes (31ms)
			AfterProcessingInitializeOnLoad (0ms)
			EditorAssembliesLoaded (0ms)
		ExecutionOrderSort2 (0ms)
		AwakeInstancesAfterBackupRestoration (0ms)
========================================================================
Worker process is ready to serve import requests
Begin MonoManager ReloadAssembly
Symbol file LoadedFromMemory is not a mono symbol file
- Loaded All Assemblies, in  0.363 seconds
Refreshing native plugins compatible for Editor in 5.41 ms, found 2 plugins.
Native extension for WindowsStandalone target not found
Package Manager log level set to [2]
[Package Manager] Server::EnsureServerProcessIsRunning -- launch failed, reason: Unity was launched with the -noUpm command-line argument
[Package Manager] UpmClient::Send -- Unable to send message (not connected to UPM process).
[Package Manager] Cannot connect to Unity Package Manager local server
Mono: successfully reloaded assembly
- Finished resetting the current domain, in  0.403 seconds
Domain Reload Profiling: 763ms
	BeginReloadAssembly (93ms)
		ExecutionOrderSort (0ms)
		DisableScriptedObjects (3ms)
		BackupInstance (0ms)
		ReleaseScriptingObjects (0ms)
		CreateAndSetChildDomain (15ms)
	RebuildCommonClasses (20ms)
	RebuildNativeTypeToScriptingClass (6ms)
	initialDomainReloadingComplete (28ms)
	LoadAllAssembliesAndSetupDomain (213ms)
		LoadAssemblies (188ms)
		RebuildTransferFunctionScriptingTraits (0ms)
		AnalyzeDomain (77ms)
			TypeCache.Refresh (62ms)
				TypeCache.ScanAssembly (52ms)
			ScanForSourceGeneratedMonoScriptInfo (10ms)
			ResolveRequiredComponents (3ms)
	FinalizeReload (403ms)
		ReleaseScriptCaches (0ms)
		RebuildScriptCaches (0ms)
		SetupLoadedEditorAssemblies (321ms)
			LogAssemblyErrors (0ms)
			InitializePlatformSupportModulesInManaged (3ms)
			SetLoadedEditorAssemblies (2ms)
			RefreshPlugins (0ms)
			BeforeProcessingInitializeOnLoad (36ms)
			ProcessInitializeOnLoadAttributes (191ms)
			ProcessInitializeOnLoadMethodAttributes (84ms)
			AfterProcessingInitializeOnLoad (5ms)
			EditorAssembliesLoaded (0ms)
		ExecutionOrderSort2 (0ms)
		AwakeInstancesAfterBackupRestoration (4ms)
Launched and connected shader compiler UnityShaderCompiler.exe after 0.03 seconds
Refreshing native plugins compatible for Editor in 7.14 ms, found 2 plugins.
Preloading 0 native plugins for Editor in 0.00 ms.
Unloading 2885 Unused Serialized files (Serialized files now loaded: 0)
Unloading 67 unused Assets / (69.1 KB). Loaded Objects now: 3328.
Memory consumption went from 110.3 MB to 110.2 MB.
Total: 3.990500 ms (FindLiveObjects: 0.140200 ms CreateObjectMapping: 0.055100 ms MarkObjects: 3.696300 ms  DeleteObjects: 0.098100 ms)

AssetImportParameters requested are different than current active one (requested -> active):
  custom:video-decoder-webm-vp8: 9c59270c3fd7afecdb556c50c9e8de78 -> 
  custom:SearchIndexIgnoredProperties: e643bd26f0fe6173181afceb89e7c659 -> 
  custom:container-demuxer-ogg: 62fdf1f143b41e24485cea50d1cbac27 -> 
  custom:AudioImporter_EditorPlatform: d09bf68614088b80899f8185d706f6e7 -> 
  custom:video-codec-MediaFoundation-h265: 746d11721c4dcdbdad8f713fa42b33f4 -> 
  custom:video-decoder-ogg-theora: a1e56fd34408186e4bbccfd4996cb3dc -> 
  custom:framework-win-MediaFoundation: 216162199b28c13a410421893ffa2e32 -> 
  custom:video-encoder-webm-vp8: eb34c28f22e8b96e1ab97ce403110664 -> 
  custom:audio-decoder-ogg-vorbis: bf7c407c2cedff20999df2af8eb42d56 -> 
  custom:CustomObjectIndexerAttribute: 756ad292c208cfabdd7b50bc23989ffe -> 
  custom:container-demuxer-webm: 4f35f7cbe854078d1ac9338744f61a02 -> 
  custom:audio-encoder-webm-vorbis: bf7c407c2cedff20999df2af8eb42d56 -> 
  custom:container-muxer-webm: aa71ff27fc2769a1b78a27578f13a17b -> 
========================================================================
Received Import Request.
  Time since last request: 765263.739260 seconds.
  path: Assets/Resources/Prefabs/Bounds.prefab
  artifactKey: Guid(0114cdacba174488c92aa1edf31baed1) Importer(815301076,1909f56bfc062723c751e8b465ee728b)
Start importing Assets/Resources/Prefabs/Bounds.prefab using Guid(0114cdacba174488c92aa1edf31baed1) Importer(815301076,1909f56bfc062723c751e8b465ee728b)  -> (artifact id: 'ef5f77e218efe0b3dabc2227d58d5547') in 0.067513 seconds
Number of updated asset objects reloaded before import = 0
Number of asset objects unloaded after import = 55
========================================================================
Received Import Request.
  Time since last request: 0.000027 seconds.
  path: Assets/Resources/Prefabs/Ground Long.prefab
  artifactKey: Guid(ca191cfbedcd04437a6619bfaa0026f6) Importer(815301076,1909f56bfc062723c751e8b465ee728b)
Start importing Assets/Resources/Prefabs/Ground Long.prefab using Guid(ca191cfbedcd04437a6619bfaa0026f6) Importer(815301076,1909f56bfc062723c751e8b465ee728b)  -> (artifact id: '8ae860fd4713b516f6d437b8b161675c') in 0.019682 seconds
Number of updated asset objects reloaded before import = 0
Number of asset objects unloaded after import = 347
========================================================================
Received Import Request.
  Time since last request: 0.000020 seconds.
  path: Assets/Resources/Prefabs/Ground.prefab
  artifactKey: Guid(a40db6bd16f0a400fb13a1df9f1d1bb7) Importer(815301076,1909f56bfc062723c751e8b465ee728b)
Start importing Assets/Resources/Prefabs/Ground.prefab using Guid(a40db6bd16f0a400fb13a1df9f1d1bb7) Importer(815301076,1909f56bfc062723c751e8b465ee728b)  -> (artifact id: '6271737f9ac8f261d6a54223e79ee987') in 0.014246 seconds
Number of updated asset objects reloaded before import = 0
Number of asset objects unloaded after import = 72
========================================================================
Received Import Request.
  Time since last request: 14.008152 seconds.
  path: Assets/Resources/TileAssets
  artifactKey: Guid(cae510247965e4e40a033e0f44fc3517) Importer(815301076,1909f56bfc062723c751e8b465ee728b)
Start importing Assets/Resources/TileAssets using Guid(cae510247965e4e40a033e0f44fc3517) Importer(815301076,1909f56bfc062723c751e8b465ee728b)  -> (artifact id: 'fb8295c858b589e9c601086492b10fe9') in 0.000417 seconds
Number of updated asset objects reloaded before import = 0
Number of asset objects unloaded after import = 0
========================================================================
Received Import Request.
  Time since last request: 26.423217 seconds.
  path: Assets/Resources/TileSpirit
  artifactKey: Guid(dbd3ee035fb64f242958716df874c144) Importer(815301076,1909f56bfc062723c751e8b465ee728b)
Start importing Assets/Resources/TileSpirit using Guid(dbd3ee035fb64f242958716df874c144) Importer(815301076,1909f56bfc062723c751e8b465ee728b)  -> (artifact id: 'b794738e4bf7556556c49c97a381dd5f') in 0.000452 seconds
Number of updated asset objects reloaded before import = 0
Number of asset objects unloaded after import = 0
========================================================================
Received Import Request.
  Time since last request: 108.104518 seconds.
  path: Assets/Resources
  artifactKey: Guid(7f440f139b6c447f0a716015c5cfa57e) Importer(815301076,1909f56bfc062723c751e8b465ee728b)
Start importing Assets/Resources using Guid(7f440f139b6c447f0a716015c5cfa57e) Importer(815301076,1909f56bfc062723c751e8b465ee728b)  -> (artifact id: '22284f14a0b91c8ed951c7e6db04e20b') in 0.005102 seconds
Number of updated asset objects reloaded before import = 0
Number of asset objects unloaded after import = 0
========================================================================
Received Import Request.
  Time since last request: 12.620202 seconds.
  path: Assets/Resources/Sprites
  artifactKey: Guid(1f0be34101a52f04d8c88eb18576ca65) Importer(815301076,1909f56bfc062723c751e8b465ee728b)
Start importing Assets/Resources/Sprites using Guid(1f0be34101a52f04d8c88eb18576ca65) Importer(815301076,1909f56bfc062723c751e8b465ee728b)  -> (artifact id: '67fe16b28ccc28bb63471f7ad1c7cb22') in 0.000485 seconds
Number of updated asset objects reloaded before import = 0
Number of asset objects unloaded after import = 0
========================================================================
Received Import Request.
  Time since last request: 57.819250 seconds.
  path: Assets/Resources/Sprites/New Palette.prefab
  artifactKey: Guid(845d39c045e6df64a88b405b62b30d09) Importer(815301076,1909f56bfc062723c751e8b465ee728b)
Start importing Assets/Resources/Sprites/New Palette.prefab using Guid(845d39c045e6df64a88b405b62b30d09) Importer(815301076,1909f56bfc062723c751e8b465ee728b)  -> (artifact id: '619082e4c6058ba53f2db73820aaf423') in 0.012219 seconds
Number of updated asset objects reloaded before import = 0
Number of asset objects unloaded after import = 10
========================================================================
Received Import Request.
  Time since last request: 12.667637 seconds.
  path: Assets/Resources/Sprites/New Palette.prefab
  artifactKey: Guid(845d39c045e6df64a88b405b62b30d09) Importer(815301076,1909f56bfc062723c751e8b465ee728b)
Start importing Assets/Resources/Sprites/New Palette.prefab using Guid(845d39c045e6df64a88b405b62b30d09) Importer(815301076,1909f56bfc062723c751e8b465ee728b)  -> (artifact id: '861864d597f947be12d86f996d61bfeb') in 0.032994 seconds
Number of updated asset objects reloaded before import = 0
Number of asset objects unloaded after import = 13
========================================================================
Received Import Request.
  Time since last request: 129.321924 seconds.
  path: Assets/Resources/Sprites/New Palette.prefab
  artifactKey: Guid(845d39c045e6df64a88b405b62b30d09) Importer(815301076,1909f56bfc062723c751e8b465ee728b)
Start importing Assets/Resources/Sprites/New Palette.prefab using Guid(845d39c045e6df64a88b405b62b30d09) Importer(815301076,1909f56bfc062723c751e8b465ee728b)  -> (artifact id: '18106d114a1e2388f9e84e12e56fd3cb') in 0.013085 seconds
Number of updated asset objects reloaded before import = 0
Number of asset objects unloaded after import = 13
========================================================================
Received Import Request.
  Time since last request: 55.267479 seconds.
  path: Assets/Resources/Sprites/New Palette.prefab
  artifactKey: Guid(845d39c045e6df64a88b405b62b30d09) Importer(815301076,1909f56bfc062723c751e8b465ee728b)
Start importing Assets/Resources/Sprites/New Palette.prefab using Guid(845d39c045e6df64a88b405b62b30d09) Importer(815301076,1909f56bfc062723c751e8b465ee728b)  -> (artifact id: 'df95f5b95491a907e692f9f8db159ad8') in 0.012186 seconds
Number of updated asset objects reloaded before import = 0
Number of asset objects unloaded after import = 13
========================================================================
Received Import Request.
  Time since last request: 8.881932 seconds.
  path: Assets/Resources/Sprites/New Palette.prefab
  artifactKey: Guid(845d39c045e6df64a88b405b62b30d09) Importer(815301076,1909f56bfc062723c751e8b465ee728b)
Start importing Assets/Resources/Sprites/New Palette.prefab using Guid(845d39c045e6df64a88b405b62b30d09) Importer(815301076,1909f56bfc062723c751e8b465ee728b)  -> (artifact id: 'c3b91747c5af444efbc389bff92b4557') in 0.011424 seconds
Number of updated asset objects reloaded before import = 0
Number of asset objects unloaded after import = 13
========================================================================
Received Import Request.
  Time since last request: 151.522122 seconds.
  path: Assets/Resources/Sprites/New Palette.prefab
  artifactKey: Guid(845d39c045e6df64a88b405b62b30d09) Importer(815301076,1909f56bfc062723c751e8b465ee728b)
Start importing Assets/Resources/Sprites/New Palette.prefab using Guid(845d39c045e6df64a88b405b62b30d09) Importer(815301076,1909f56bfc062723c751e8b465ee728b)  -> (artifact id: '3220b038f50d8021fe66017088fcb168') in 0.013414 seconds
Number of updated asset objects reloaded before import = 0
Number of asset objects unloaded after import = 13
========================================================================
Received Import Request.
  Time since last request: 772.544103 seconds.
  path: Assets/Resources/Sprites/New Palette.prefab
  artifactKey: Guid(845d39c045e6df64a88b405b62b30d09) Importer(815301076,1909f56bfc062723c751e8b465ee728b)
Start importing Assets/Resources/Sprites/New Palette.prefab using Guid(845d39c045e6df64a88b405b62b30d09) Importer(815301076,1909f56bfc062723c751e8b465ee728b)  -> (artifact id: '641c6f9a81e04c0f5038bd3f128722db') in 0.020787 seconds
Number of updated asset objects reloaded before import = 0
Number of asset objects unloaded after import = 13
========================================================================
Received Import Request.
  Time since last request: 9.659426 seconds.
  path: Assets/Resources/Sprites/New Palette.prefab
  artifactKey: Guid(845d39c045e6df64a88b405b62b30d09) Importer(815301076,1909f56bfc062723c751e8b465ee728b)
Start importing Assets/Resources/Sprites/New Palette.prefab using Guid(845d39c045e6df64a88b405b62b30d09) Importer(815301076,1909f56bfc062723c751e8b465ee728b)  -> (artifact id: 'ca3e7b4d4ac53654fa729283af67f1c4') in 0.014142 seconds
Number of updated asset objects reloaded before import = 0
Number of asset objects unloaded after import = 13
========================================================================
Received Import Request.
  Time since last request: 6.785667 seconds.
  path: Assets/Resources/Sprites/New Palette.prefab
  artifactKey: Guid(845d39c045e6df64a88b405b62b30d09) Importer(815301076,1909f56bfc062723c751e8b465ee728b)
Start importing Assets/Resources/Sprites/New Palette.prefab using Guid(845d39c045e6df64a88b405b62b30d09) Importer(815301076,1909f56bfc062723c751e8b465ee728b)  -> (artifact id: '418aa1537860a97268144d6cbe7e0b46') in 0.013123 seconds
Number of updated asset objects reloaded before import = 0
Number of asset objects unloaded after import = 13
========================================================================
Received Import Request.
  Time since last request: 91.531248 seconds.
  path: Assets/Resources/Sprites/场景2.png
  artifactKey: Guid(d4bbb2385c78fef4fa50f6dd345be7cd) Importer(815301076,1909f56bfc062723c751e8b465ee728b)
Start importing Assets/Resources/Sprites/场景2.png using Guid(d4bbb2385c78fef4fa50f6dd345be7cd) Importer(815301076,1909f56bfc062723c751e8b465ee728b)  -> (artifact id: '329a7c09e035f1dd116979991eb04280') in 0.032428 seconds
Number of updated asset objects reloaded before import = 0
Number of asset objects unloaded after import = 3
========================================================================
Received Import Request.
  Time since last request: 0.000016 seconds.
  path: Assets/Resources/Sprites/场景2.asset
  artifactKey: Guid(f0b87bc88c99b044f9128aa3c2ebf13b) Importer(815301076,1909f56bfc062723c751e8b465ee728b)
Start importing Assets/Resources/Sprites/场景2.asset using Guid(f0b87bc88c99b044f9128aa3c2ebf13b) Importer(815301076,1909f56bfc062723c751e8b465ee728b)  -> (artifact id: 'd11a56bfbd190cf2e31e3f5d8740a3bc') in 0.017281 seconds
Number of updated asset objects reloaded before import = 0
Number of asset objects unloaded after import = 3
========================================================================
Received Import Request.
  Time since last request: 17.714914 seconds.
  path: Assets/Resources/Sprites/场景2.png
  artifactKey: Guid(d4bbb2385c78fef4fa50f6dd345be7cd) Importer(815301076,1909f56bfc062723c751e8b465ee728b)
Start importing Assets/Resources/Sprites/场景2.png using Guid(d4bbb2385c78fef4fa50f6dd345be7cd) Importer(815301076,1909f56bfc062723c751e8b465ee728b)  -> (artifact id: '620d0e25fb529dfd81c130ce40a90283') in 0.014163 seconds
Number of updated asset objects reloaded before import = 0
Number of asset objects unloaded after import = 2
========================================================================
Received Import Request.
  Time since last request: 0.000979 seconds.
  path: Assets/Resources/Sprites/New Palette.prefab
  artifactKey: Guid(845d39c045e6df64a88b405b62b30d09) Importer(815301076,1909f56bfc062723c751e8b465ee728b)
Start importing Assets/Resources/Sprites/New Palette.prefab using Guid(845d39c045e6df64a88b405b62b30d09) Importer(815301076,1909f56bfc062723c751e8b465ee728b)  -> (artifact id: 'a01f6772aee778282653d5db8ddf35a1') in 0.012191 seconds
Number of updated asset objects reloaded before import = 0
Number of asset objects unloaded after import = 11
========================================================================
Received Import Request.
  Time since last request: 6.610745 seconds.
  path: Assets/Resources/Sprites/New Palette.prefab
  artifactKey: Guid(845d39c045e6df64a88b405b62b30d09) Importer(815301076,1909f56bfc062723c751e8b465ee728b)
Start importing Assets/Resources/Sprites/New Palette.prefab using Guid(845d39c045e6df64a88b405b62b30d09) Importer(815301076,1909f56bfc062723c751e8b465ee728b)  -> (artifact id: '89372faa9b2aa129bd99a333440a1ca1') in 0.010906 seconds
Number of updated asset objects reloaded before import = 0
Number of asset objects unloaded after import = 11
========================================================================
Received Import Request.
  Time since last request: 14.814542 seconds.
  path: Assets/Resources/Sprites/场景2.png
  artifactKey: Guid(d4bbb2385c78fef4fa50f6dd345be7cd) Importer(815301076,1909f56bfc062723c751e8b465ee728b)
Start importing Assets/Resources/Sprites/场景2.png using Guid(d4bbb2385c78fef4fa50f6dd345be7cd) Importer(815301076,1909f56bfc062723c751e8b465ee728b)  -> (artifact id: '46d0190bbb0a65ec475685520eeb46fa') in 0.013190 seconds
Number of updated asset objects reloaded before import = 0
Number of asset objects unloaded after import = 2
========================================================================
Received Import Request.
  Time since last request: 251.246937 seconds.
  path: Assets/Resources/Sprites/New Palette 1.prefab
  artifactKey: Guid(ab96ed76cc51ad44e8e9c62f0ab1f0c7) Importer(815301076,1909f56bfc062723c751e8b465ee728b)
Start importing Assets/Resources/Sprites/New Palette 1.prefab using Guid(ab96ed76cc51ad44e8e9c62f0ab1f0c7) Importer(815301076,1909f56bfc062723c751e8b465ee728b)  -> (artifact id: 'c1ce1dddb0f5354f3e39951097ca9ed0') in 0.010295 seconds
Number of updated asset objects reloaded before import = 0
Number of asset objects unloaded after import = 10
========================================================================
Received Import Request.
  Time since last request: 7.447787 seconds.
  path: Assets/Resources/Sprites/New Palette 1.prefab
  artifactKey: Guid(ab96ed76cc51ad44e8e9c62f0ab1f0c7) Importer(815301076,1909f56bfc062723c751e8b465ee728b)
Start importing Assets/Resources/Sprites/New Palette 1.prefab using Guid(ab96ed76cc51ad44e8e9c62f0ab1f0c7) Importer(815301076,1909f56bfc062723c751e8b465ee728b)  -> (artifact id: '33178b71e455fb2c7bea8e4ca2ce6317') in 0.015801 seconds
Number of updated asset objects reloaded before import = 0
Number of asset objects unloaded after import = 13
========================================================================
Received Import Request.
  Time since last request: 23.973186 seconds.
  path: Assets/Resources/Sprites/New Palette 2.prefab
  artifactKey: Guid(91414f3a2de7da245aa71f0cbf7fc0b8) Importer(815301076,1909f56bfc062723c751e8b465ee728b)
Start importing Assets/Resources/Sprites/New Palette 2.prefab using Guid(91414f3a2de7da245aa71f0cbf7fc0b8) Importer(815301076,1909f56bfc062723c751e8b465ee728b)  -> (artifact id: 'b437badbcf35474f55396c0ebae52386') in 0.010104 seconds
Number of updated asset objects reloaded before import = 0
Number of asset objects unloaded after import = 10
========================================================================
Received Import Request.
  Time since last request: 4.829403 seconds.
  path: Assets/Resources/Sprites/New Palette 2.prefab
  artifactKey: Guid(91414f3a2de7da245aa71f0cbf7fc0b8) Importer(815301076,1909f56bfc062723c751e8b465ee728b)
Start importing Assets/Resources/Sprites/New Palette 2.prefab using Guid(91414f3a2de7da245aa71f0cbf7fc0b8) Importer(815301076,1909f56bfc062723c751e8b465ee728b)  -> (artifact id: 'b2c9a02e00e132be34b43056d618bd58') in 0.012295 seconds
Number of updated asset objects reloaded before import = 0
Number of asset objects unloaded after import = 13
========================================================================
Received Import Request.
  Time since last request: 44.108907 seconds.
  path: Assets/Resources/Sprites/New Palette 3.prefab
  artifactKey: Guid(3412d730c23c8c143a885da9b4b9f821) Importer(815301076,1909f56bfc062723c751e8b465ee728b)
Start importing Assets/Resources/Sprites/New Palette 3.prefab using Guid(3412d730c23c8c143a885da9b4b9f821) Importer(815301076,1909f56bfc062723c751e8b465ee728b)  -> (artifact id: '520282622adea00ffbbb2c036eaabfae') in 0.011754 seconds
Number of updated asset objects reloaded before import = 0
Number of asset objects unloaded after import = 10
========================================================================
Received Import Request.
  Time since last request: 2.455522 seconds.
  path: Assets/Resources/Sprites/New Palette 3.prefab
  artifactKey: Guid(3412d730c23c8c143a885da9b4b9f821) Importer(815301076,1909f56bfc062723c751e8b465ee728b)
Start importing Assets/Resources/Sprites/New Palette 3.prefab using Guid(3412d730c23c8c143a885da9b4b9f821) Importer(815301076,1909f56bfc062723c751e8b465ee728b)  -> (artifact id: '56f6f5e7eea38d1ddfc5d5d64e8f2bce') in 0.011437 seconds
Number of updated asset objects reloaded before import = 0
Number of asset objects unloaded after import = 13
========================================================================
Received Import Request.
  Time since last request: 164.912163 seconds.
  path: Assets/Resources/Sprites/New Palette 3.prefab
  artifactKey: Guid(3412d730c23c8c143a885da9b4b9f821) Importer(815301076,1909f56bfc062723c751e8b465ee728b)
Start importing Assets/Resources/Sprites/New Palette 3.prefab using Guid(3412d730c23c8c143a885da9b4b9f821) Importer(815301076,1909f56bfc062723c751e8b465ee728b)  -> (artifact id: '5ba64c2585e9b324c704d2513c990efb') in 0.013507 seconds
Number of updated asset objects reloaded before import = 0
Number of asset objects unloaded after import = 13
========================================================================
Received Import Request.
  Time since last request: 1.728273 seconds.
  path: Assets/Resources/Sprites/New Palette 4.prefab
  artifactKey: Guid(503c6591f50ab974fb82f9a5a03d819e) Importer(815301076,1909f56bfc062723c751e8b465ee728b)
Start importing Assets/Resources/Sprites/New Palette 4.prefab using Guid(503c6591f50ab974fb82f9a5a03d819e) Importer(815301076,1909f56bfc062723c751e8b465ee728b)  -> (artifact id: '38535696d76c97db809b55d44e57c78d') in 0.013359 seconds
Number of updated asset objects reloaded before import = 0
Number of asset objects unloaded after import = 13
========================================================================
Received Import Request.
  Time since last request: 22.896332 seconds.
  path: Assets/Resources/Sprites/New Palette 5.prefab
  artifactKey: Guid(b0575dcfcce1b1340b751736d5578b59) Importer(815301076,1909f56bfc062723c751e8b465ee728b)
Start importing Assets/Resources/Sprites/New Palette 5.prefab using Guid(b0575dcfcce1b1340b751736d5578b59) Importer(815301076,1909f56bfc062723c751e8b465ee728b)  -> (artifact id: '8181489e08cff6ac926a1a3b537d2736') in 0.015661 seconds
Number of updated asset objects reloaded before import = 0
Number of asset objects unloaded after import = 10
========================================================================
Received Import Request.
  Time since last request: 2.152429 seconds.
  path: Assets/Resources/Sprites/New Palette 5.prefab
  artifactKey: Guid(b0575dcfcce1b1340b751736d5578b59) Importer(815301076,1909f56bfc062723c751e8b465ee728b)
Start importing Assets/Resources/Sprites/New Palette 5.prefab using Guid(b0575dcfcce1b1340b751736d5578b59) Importer(815301076,1909f56bfc062723c751e8b465ee728b)  -> (artifact id: '292ea19f5a268b44373e8e8221e87ef2') in 0.012032 seconds
Number of updated asset objects reloaded before import = 0
Number of asset objects unloaded after import = 13
========================================================================
Received Import Request.
  Time since last request: 52.959881 seconds.
  path: Assets/Resources/Sprites/New Palette 5.prefab
  artifactKey: Guid(b0575dcfcce1b1340b751736d5578b59) Importer(815301076,1909f56bfc062723c751e8b465ee728b)
Start importing Assets/Resources/Sprites/New Palette 5.prefab using Guid(b0575dcfcce1b1340b751736d5578b59) Importer(815301076,1909f56bfc062723c751e8b465ee728b)  -> (artifact id: 'cf51d5496436861444495e16574e4148') in 0.013661 seconds
Number of updated asset objects reloaded before import = 0
Number of asset objects unloaded after import = 13
========================================================================
Received Import Request.
  Time since last request: 79.143335 seconds.
  path: Assets/Resources/Sprites/New Palette 5.prefab
  artifactKey: Guid(b0575dcfcce1b1340b751736d5578b59) Importer(815301076,1909f56bfc062723c751e8b465ee728b)
Start importing Assets/Resources/Sprites/New Palette 5.prefab using Guid(b0575dcfcce1b1340b751736d5578b59) Importer(815301076,1909f56bfc062723c751e8b465ee728b)  -> (artifact id: '2efc8a0f0e737462559f4496ef6ad400') in 0.006155 seconds
Number of updated asset objects reloaded before import = 0
Number of asset objects unloaded after import = 13
========================================================================
Received Import Request.
  Time since last request: 168.404941 seconds.
  path: Assets/Resources/Sprites/New Palette 6.prefab
  artifactKey: Guid(4b8759230fd76e243aa36e43ddf59f88) Importer(815301076,1909f56bfc062723c751e8b465ee728b)
Start importing Assets/Resources/Sprites/New Palette 6.prefab using Guid(4b8759230fd76e243aa36e43ddf59f88) Importer(815301076,1909f56bfc062723c751e8b465ee728b)  -> (artifact id: 'c529c5338aeaf2e941a72f9e57a55bca') in 0.011123 seconds
Number of updated asset objects reloaded before import = 0
Number of asset objects unloaded after import = 10
========================================================================
Received Import Request.
  Time since last request: 3.143556 seconds.
  path: Assets/Resources/Sprites/New Palette 6.prefab
  artifactKey: Guid(4b8759230fd76e243aa36e43ddf59f88) Importer(815301076,1909f56bfc062723c751e8b465ee728b)
Start importing Assets/Resources/Sprites/New Palette 6.prefab using Guid(4b8759230fd76e243aa36e43ddf59f88) Importer(815301076,1909f56bfc062723c751e8b465ee728b)  -> (artifact id: 'e453efc319daa2e0de66287afe9d79c3') in 0.013348 seconds
Number of updated asset objects reloaded before import = 0
Number of asset objects unloaded after import = 13
========================================================================
Received Import Request.
  Time since last request: 74.110620 seconds.
  path: Assets/Resources/Sprites/New Palette 1.prefab
  artifactKey: Guid(ab96ed76cc51ad44e8e9c62f0ab1f0c7) Importer(815301076,1909f56bfc062723c751e8b465ee728b)
Start importing Assets/Resources/Sprites/New Palette 1.prefab using Guid(ab96ed76cc51ad44e8e9c62f0ab1f0c7) Importer(815301076,1909f56bfc062723c751e8b465ee728b)  -> (artifact id: 'b85d8df0575bdfe22bdaa71b0f98cd24') in 0.012732 seconds
Number of updated asset objects reloaded before import = 0
Number of asset objects unloaded after import = 11
========================================================================
Received Import Request.
  Time since last request: 0.000012 seconds.
  path: Assets/Resources/Sprites/New Palette 4.prefab
  artifactKey: Guid(503c6591f50ab974fb82f9a5a03d819e) Importer(815301076,1909f56bfc062723c751e8b465ee728b)
Start importing Assets/Resources/Sprites/New Palette 4.prefab using Guid(503c6591f50ab974fb82f9a5a03d819e) Importer(815301076,1909f56bfc062723c751e8b465ee728b)  -> (artifact id: '2b4dcaf25d3b849ccbbfadf7c0e4fb21') in 0.005848 seconds
Number of updated asset objects reloaded before import = 0
Number of asset objects unloaded after import = 11
========================================================================
Received Import Request.
  Time since last request: 0.000012 seconds.
  path: Assets/Resources/Sprites/New Palette 3.prefab
  artifactKey: Guid(3412d730c23c8c143a885da9b4b9f821) Importer(815301076,1909f56bfc062723c751e8b465ee728b)
Start importing Assets/Resources/Sprites/New Palette 3.prefab using Guid(3412d730c23c8c143a885da9b4b9f821) Importer(815301076,1909f56bfc062723c751e8b465ee728b)  -> (artifact id: 'fcb26a1e087da3942d3cb7ca434262d3') in 0.016655 seconds
Number of updated asset objects reloaded before import = 0
Number of asset objects unloaded after import = 11
========================================================================
Received Import Request.
  Time since last request: 124.537769 seconds.
  path: Assets/Resources/Sprites/场景2.png
  artifactKey: Guid(d4bbb2385c78fef4fa50f6dd345be7cd) Importer(815301076,1909f56bfc062723c751e8b465ee728b)
Start importing Assets/Resources/Sprites/场景2.png using Guid(d4bbb2385c78fef4fa50f6dd345be7cd) Importer(815301076,1909f56bfc062723c751e8b465ee728b)  -> (artifact id: 'ff5c6c9479c1e430038e9843af81f8b3') in 0.018245 seconds
Number of updated asset objects reloaded before import = 0
Number of asset objects unloaded after import = 3
========================================================================
Received Import Request.
  Time since last request: 17.505107 seconds.
  path: Assets/Resources/Sprites/场景2.png
  artifactKey: Guid(d4bbb2385c78fef4fa50f6dd345be7cd) Importer(815301076,1909f56bfc062723c751e8b465ee728b)
Start importing Assets/Resources/Sprites/场景2.png using Guid(d4bbb2385c78fef4fa50f6dd345be7cd) Importer(815301076,1909f56bfc062723c751e8b465ee728b)  -> (artifact id: 'c5132bb5884d95e6541ec683d401f94c') in 0.014021 seconds
Number of updated asset objects reloaded before import = 0
Number of asset objects unloaded after import = 2
========================================================================
Received Import Request.
  Time since last request: 249.286245 seconds.
  path: Assets/Resources/Sprites/场景2.png
  artifactKey: Guid(d4bbb2385c78fef4fa50f6dd345be7cd) Importer(815301076,1909f56bfc062723c751e8b465ee728b)
Start importing Assets/Resources/Sprites/场景2.png using Guid(d4bbb2385c78fef4fa50f6dd345be7cd) Importer(815301076,1909f56bfc062723c751e8b465ee728b)  -> (artifact id: 'b98d2818fa31a9310b21217d759a38c8') in 0.146608 seconds
Number of updated asset objects reloaded before import = 0
Number of asset objects unloaded after import = 65
========================================================================
Received Import Request.
  Time since last request: 27.095020 seconds.
  path: Assets/Resources/Sprites/New Palette.prefab
  artifactKey: Guid(845d39c045e6df64a88b405b62b30d09) Importer(815301076,1909f56bfc062723c751e8b465ee728b)
Start importing Assets/Resources/Sprites/New Palette.prefab using Guid(845d39c045e6df64a88b405b62b30d09) Importer(815301076,1909f56bfc062723c751e8b465ee728b)  -> (artifact id: '36c25f1c703afcfce5a88286b15bfe15') in 0.011922 seconds
Number of updated asset objects reloaded before import = 0
Number of asset objects unloaded after import = 10
========================================================================
Received Import Request.
  Time since last request: 9.777050 seconds.
  path: Assets/Resources/Sprites/New Palette.prefab
  artifactKey: Guid(845d39c045e6df64a88b405b62b30d09) Importer(815301076,1909f56bfc062723c751e8b465ee728b)
Start importing Assets/Resources/Sprites/New Palette.prefab using Guid(845d39c045e6df64a88b405b62b30d09) Importer(815301076,1909f56bfc062723c751e8b465ee728b)  -> (artifact id: 'e24be673cba77250e5f2fa6c28c0ef01') in 0.014956 seconds
Number of updated asset objects reloaded before import = 0
Number of asset objects unloaded after import = 23
========================================================================
Received Import Request.
  Time since last request: 0.000014 seconds.
  path: Assets/Resources/Sprites/场景2_11.asset
  artifactKey: Guid(93744ca78ae174641a09bf011e224da1) Importer(815301076,1909f56bfc062723c751e8b465ee728b)
Start importing Assets/Resources/Sprites/场景2_11.asset using Guid(93744ca78ae174641a09bf011e224da1) Importer(815301076,1909f56bfc062723c751e8b465ee728b)  -> (artifact id: '74918865829bfc12e41c9e47da632b63') in 0.012727 seconds
Number of updated asset objects reloaded before import = 0
Number of asset objects unloaded after import = 3
========================================================================
Received Import Request.
  Time since last request: 0.000014 seconds.
  path: Assets/Resources/Sprites/场景2_12.asset
  artifactKey: Guid(b3956ec612b06d6498b60f20006c7fea) Importer(815301076,1909f56bfc062723c751e8b465ee728b)
Start importing Assets/Resources/Sprites/场景2_12.asset using Guid(b3956ec612b06d6498b60f20006c7fea) Importer(815301076,1909f56bfc062723c751e8b465ee728b)  -> (artifact id: '2f8571a84a2419ad9e21f07eaee8794b') in 0.015834 seconds
Number of updated asset objects reloaded before import = 0
Number of asset objects unloaded after import = 3
========================================================================
Received Import Request.
  Time since last request: 0.000012 seconds.
  path: Assets/Resources/Sprites/场景2_10.asset
  artifactKey: Guid(60d5ff6b2ce634c40adf62d2ab76f713) Importer(815301076,1909f56bfc062723c751e8b465ee728b)
Start importing Assets/Resources/Sprites/场景2_10.asset using Guid(60d5ff6b2ce634c40adf62d2ab76f713) Importer(815301076,1909f56bfc062723c751e8b465ee728b)  -> (artifact id: '857cd60276f233d2af7b581c0d413ba0') in 0.012120 seconds
Number of updated asset objects reloaded before import = 0
Number of asset objects unloaded after import = 3
========================================================================
Received Import Request.
  Time since last request: 0.000018 seconds.
  path: Assets/Resources/Sprites/场景2_9.asset
  artifactKey: Guid(134af534a57c24c42aa40b948ae882b8) Importer(815301076,1909f56bfc062723c751e8b465ee728b)
Start importing Assets/Resources/Sprites/场景2_9.asset using Guid(134af534a57c24c42aa40b948ae882b8) Importer(815301076,1909f56bfc062723c751e8b465ee728b)  -> (artifact id: 'e05412e634c98b72741bf313800c729e') in 0.013793 seconds
Number of updated asset objects reloaded before import = 0
Number of asset objects unloaded after import = 3
========================================================================
Received Import Request.
  Time since last request: 0.000014 seconds.
  path: Assets/Resources/Sprites/场景2_13.asset
  artifactKey: Guid(2ccd8f2ebfa1ee44d8a04adbed56974b) Importer(815301076,1909f56bfc062723c751e8b465ee728b)
Start importing Assets/Resources/Sprites/场景2_13.asset using Guid(2ccd8f2ebfa1ee44d8a04adbed56974b) Importer(815301076,1909f56bfc062723c751e8b465ee728b)  -> (artifact id: '13615520819de8bf9b474b310ae22de7') in 0.012503 seconds
Number of updated asset objects reloaded before import = 0
Number of asset objects unloaded after import = 3
========================================================================
Received Import Request.
  Time since last request: 21.566744 seconds.
  path: Assets/Resources/Sprites/New Palette.prefab
  artifactKey: Guid(845d39c045e6df64a88b405b62b30d09) Importer(815301076,1909f56bfc062723c751e8b465ee728b)
Start importing Assets/Resources/Sprites/New Palette.prefab using Guid(845d39c045e6df64a88b405b62b30d09) Importer(815301076,1909f56bfc062723c751e8b465ee728b)  -> (artifact id: 'd131609787b1a5aeedca68877fc5c870') in 0.014662 seconds
Number of updated asset objects reloaded before import = 0
Number of asset objects unloaded after import = 25
========================================================================
Received Import Request.
  Time since last request: 25.755358 seconds.
  path: Assets/Resources/Sprites/场景2 1.png
  artifactKey: Guid(75a9493931d8ebe408983af8538928d1) Importer(815301076,1909f56bfc062723c751e8b465ee728b)
Start importing Assets/Resources/Sprites/场景2 1.png using Guid(75a9493931d8ebe408983af8538928d1) Importer(815301076,1909f56bfc062723c751e8b465ee728b)  -> (artifact id: 'cb1948501838075969e3e451d70847e0') in 0.095643 seconds
Number of updated asset objects reloaded before import = 0
Number of asset objects unloaded after import = 65
========================================================================
Received Import Request.
  Time since last request: 14.451837 seconds.
  path: Assets/Resources/Sprites/场景2 2.png
  artifactKey: Guid(a1cdb70f74019a1449017258f9266d1c) Importer(815301076,1909f56bfc062723c751e8b465ee728b)
Start importing Assets/Resources/Sprites/场景2 2.png using Guid(a1cdb70f74019a1449017258f9266d1c) Importer(815301076,1909f56bfc062723c751e8b465ee728b)  -> (artifact id: '297fcbbc246b587bc211b833cd5d0292') in 0.096379 seconds
Number of updated asset objects reloaded before import = 0
Number of asset objects unloaded after import = 65
========================================================================
Received Import Request.
  Time since last request: 14.921829 seconds.
  path: Assets/Resources/Sprites/New Palette.prefab
  artifactKey: Guid(845d39c045e6df64a88b405b62b30d09) Importer(815301076,1909f56bfc062723c751e8b465ee728b)
Start importing Assets/Resources/Sprites/New Palette.prefab using Guid(845d39c045e6df64a88b405b62b30d09) Importer(815301076,1909f56bfc062723c751e8b465ee728b)  -> (artifact id: 'abdda9c09cca0405c1f333f07cf70d78') in 0.020433 seconds
Number of updated asset objects reloaded before import = 0
Number of asset objects unloaded after import = 75
========================================================================
Received Import Request.
  Time since last request: 0.000022 seconds.
  path: Assets/Resources/Sprites/场景2_44.asset
  artifactKey: Guid(4210995c5b6dd4444bdcfa99f19611ae) Importer(815301076,1909f56bfc062723c751e8b465ee728b)
Start importing Assets/Resources/Sprites/场景2_44.asset using Guid(4210995c5b6dd4444bdcfa99f19611ae) Importer(815301076,1909f56bfc062723c751e8b465ee728b)  -> (artifact id: 'f88361938cc9d187b84ac3c1d383a4b0') in 0.015824 seconds
Number of updated asset objects reloaded before import = 0
Number of asset objects unloaded after import = 3
========================================================================
Received Import Request.
  Time since last request: 0.000018 seconds.
  path: Assets/Resources/Sprites/场景2_45.asset
  artifactKey: Guid(4c9fdc88874317045a45151f99e3d1ff) Importer(815301076,1909f56bfc062723c751e8b465ee728b)
Start importing Assets/Resources/Sprites/场景2_45.asset using Guid(4c9fdc88874317045a45151f99e3d1ff) Importer(815301076,1909f56bfc062723c751e8b465ee728b)  -> (artifact id: '0e12fb451663f1029fd69657d9003112') in 0.015786 seconds
Number of updated asset objects reloaded before import = 0
Number of asset objects unloaded after import = 3
========================================================================
Received Import Request.
  Time since last request: 0.000014 seconds.
  path: Assets/Resources/Sprites/场景2_48.asset
  artifactKey: Guid(2d535d933c733a2489c52dca02fabf94) Importer(815301076,1909f56bfc062723c751e8b465ee728b)
Start importing Assets/Resources/Sprites/场景2_48.asset using Guid(2d535d933c733a2489c52dca02fabf94) Importer(815301076,1909f56bfc062723c751e8b465ee728b)  -> (artifact id: '8b6a2ac817bda3c4383538a8e8478739') in 0.011915 seconds
Number of updated asset objects reloaded before import = 0
Number of asset objects unloaded after import = 3
========================================================================
Received Import Request.
  Time since last request: 0.000014 seconds.
  path: Assets/Resources/Sprites/场景2_29.asset
  artifactKey: Guid(388230528b036dd45a2bd80362796fc5) Importer(815301076,1909f56bfc062723c751e8b465ee728b)
Start importing Assets/Resources/Sprites/场景2_29.asset using Guid(388230528b036dd45a2bd80362796fc5) Importer(815301076,1909f56bfc062723c751e8b465ee728b)  -> (artifact id: 'dde0009d304b76dffa317371357ae15c') in 0.012572 seconds
Number of updated asset objects reloaded before import = 0
Number of asset objects unloaded after import = 3
========================================================================
Received Import Request.
  Time since last request: 0.000015 seconds.
  path: Assets/Resources/Sprites/场景2_42.asset
  artifactKey: Guid(33945eb5275ff8e4d967715e7f7c0e47) Importer(815301076,1909f56bfc062723c751e8b465ee728b)
Start importing Assets/Resources/Sprites/场景2_42.asset using Guid(33945eb5275ff8e4d967715e7f7c0e47) Importer(815301076,1909f56bfc062723c751e8b465ee728b)  -> (artifact id: 'cb548cab058d6ed98029bf72e1346cca') in 0.014131 seconds
Number of updated asset objects reloaded before import = 0
Number of asset objects unloaded after import = 3
========================================================================
Received Import Request.
  Time since last request: 0.000014 seconds.
  path: Assets/Resources/Sprites/场景2_28.asset
  artifactKey: Guid(0989a5aa41d29aa40bbd5cebbb02f46e) Importer(815301076,1909f56bfc062723c751e8b465ee728b)
Start importing Assets/Resources/Sprites/场景2_28.asset using Guid(0989a5aa41d29aa40bbd5cebbb02f46e) Importer(815301076,1909f56bfc062723c751e8b465ee728b)  -> (artifact id: '7ab06abee5642d17c4814a15ff9aba44') in 0.012528 seconds
Number of updated asset objects reloaded before import = 0
Number of asset objects unloaded after import = 3
========================================================================
Received Import Request.
  Time since last request: 0.000015 seconds.
  path: Assets/Resources/Sprites/场景2_53.asset
  artifactKey: Guid(a11a1cf1f74ce76448d79567d4bee6d4) Importer(815301076,1909f56bfc062723c751e8b465ee728b)
Start importing Assets/Resources/Sprites/场景2_53.asset using Guid(a11a1cf1f74ce76448d79567d4bee6d4) Importer(815301076,1909f56bfc062723c751e8b465ee728b)  -> (artifact id: 'b5b4dc4816a8182c6b3e7c9d256c5e12') in 0.014819 seconds
Number of updated asset objects reloaded before import = 0
Number of asset objects unloaded after import = 3
========================================================================
Received Import Request.
  Time since last request: 0.000017 seconds.
  path: Assets/Resources/Sprites/场景2_49.asset
  artifactKey: Guid(1c7e0bb42141abb40b229c3f758d4b24) Importer(815301076,1909f56bfc062723c751e8b465ee728b)
Start importing Assets/Resources/Sprites/场景2_49.asset using Guid(1c7e0bb42141abb40b229c3f758d4b24) Importer(815301076,1909f56bfc062723c751e8b465ee728b)  -> (artifact id: '50676e9e29731e5c0c4ea06b91dceafd') in 0.015449 seconds
Number of updated asset objects reloaded before import = 0
Number of asset objects unloaded after import = 3
========================================================================
Received Import Request.
  Time since last request: 0.000016 seconds.
  path: Assets/Resources/Sprites/场景2_18.asset
  artifactKey: Guid(655d84bd2c1f770469e304823ee3648b) Importer(815301076,1909f56bfc062723c751e8b465ee728b)
Start importing Assets/Resources/Sprites/场景2_18.asset using Guid(655d84bd2c1f770469e304823ee3648b) Importer(815301076,1909f56bfc062723c751e8b465ee728b)  -> (artifact id: 'cd8bbd9b0cc4dd67e073bea3a1ee6374') in 0.016328 seconds
Number of updated asset objects reloaded before import = 0
Number of asset objects unloaded after import = 3
========================================================================
Received Import Request.
  Time since last request: 0.000025 seconds.
  path: Assets/Resources/Sprites/场景2_50.asset
  artifactKey: Guid(2b08e51b64dd08a48b92f79ea9d7a213) Importer(815301076,1909f56bfc062723c751e8b465ee728b)
Start importing Assets/Resources/Sprites/场景2_50.asset using Guid(2b08e51b64dd08a48b92f79ea9d7a213) Importer(815301076,1909f56bfc062723c751e8b465ee728b)  -> (artifact id: '6a054378ae227bdeaed7cae5dac5184f') in 0.015241 seconds
Number of updated asset objects reloaded before import = 0
Number of asset objects unloaded after import = 3
========================================================================
Received Import Request.
  Time since last request: 0.000015 seconds.
  path: Assets/Resources/Sprites/场景2_36.asset
  artifactKey: Guid(8aba36997b4bfdb4cb842da65d3272ce) Importer(815301076,1909f56bfc062723c751e8b465ee728b)
Start importing Assets/Resources/Sprites/场景2_36.asset using Guid(8aba36997b4bfdb4cb842da65d3272ce) Importer(815301076,1909f56bfc062723c751e8b465ee728b)  -> (artifact id: '2bc06e9b0b432e16f4cf6fe7ef80ede6') in 0.011566 seconds
Number of updated asset objects reloaded before import = 0
Number of asset objects unloaded after import = 3
========================================================================
Received Import Request.
  Time since last request: 0.000023 seconds.
  path: Assets/Resources/Sprites/场景2_41.asset
  artifactKey: Guid(653dd2e063c76c648a4914284e4d3dd5) Importer(815301076,1909f56bfc062723c751e8b465ee728b)
Start importing Assets/Resources/Sprites/场景2_41.asset using Guid(653dd2e063c76c648a4914284e4d3dd5) Importer(815301076,1909f56bfc062723c751e8b465ee728b)  -> (artifact id: '60453811894d501ecf43ae428436762c') in 0.009046 seconds
Number of updated asset objects reloaded before import = 0
Number of asset objects unloaded after import = 3
Editor requested this worker to shutdown with reason: Scaling down because of idle timeout
TcpMessagingSession - receive error: operation aborted. errorcode: 995, details: ߳˳Ӧóֹ I/O 
AssetImportWorker is now disconnected from the server
Process exiting
Exiting without the bug reporter. Application will terminate with return code 0